[0.152s] DEBUG:colcon:Command line arguments: ['/usr/bin/colcon', 'build', '--symlink-install']
[0.152s] DEBUG:colcon:Parsed command line arguments: Namespace(log_base=None, log_level=None, verb_name='build', build_base='build', install_base='install', merge_install=False, symlink_install=True, test_result_base=None, continue_on_error=False, executor='parallel', parallel_workers=8, event_handlers=None, ignore_user_meta=False, metas=['./colcon.meta'], base_paths=['.'], packages_ignore=None, packages_ignore_regex=None, paths=None, packages_up_to=None, packages_up_to_regex=None, packages_above=None, packages_above_and_dependencies=None, packages_above_depth=None, packages_select_by_dep=None, packages_skip_by_dep=None, packages_skip_up_to=None, packages_select_build_failed=False, packages_skip_build_finished=False, packages_select_test_failures=False, packages_skip_test_passed=False, packages_select=None, packages_skip=None, packages_select_regex=None, packages_skip_regex=None, packages_start=None, packages_end=None, allow_overriding=[], cmake_args=None, cmake_target=None, cmake_target_skip_unavailable=False, cmake_clean_cache=False, cmake_clean_first=False, cmake_force_configure=False, ament_cmake_args=None, catkin_cmake_args=None, catkin_skip_building_tests=False, mixin_files=None, mixin=None, verb_parser=<colcon_mixin.mixin.mixin_argument.MixinArgumentDecorator object at 0x7b024a81ce20>, verb_extension=<colcon_core.verb.build.BuildVerb object at 0x7b024a929bd0>, main=<bound method BuildVerb.main of <colcon_core.verb.build.BuildVerb object at 0x7b024a929bd0>>, mixin_verb=('build',))
[0.463s] Level 1:colcon.colcon_core.package_discovery:discover_packages(colcon_meta) check parameters
[0.463s] Level 1:colcon.colcon_core.package_discovery:discover_packages(recursive) check parameters
[0.463s] Level 1:colcon.colcon_core.package_discovery:discover_packages(ignore) check parameters
[0.463s] Level 1:colcon.colcon_core.package_discovery:discover_packages(path) check parameters
[0.463s] Level 1:colcon.colcon_core.package_discovery:discover_packages(colcon_meta) discover
[0.463s] Level 1:colcon.colcon_core.package_discovery:discover_packages(recursive) discover
[0.463s] INFO:colcon.colcon_core.package_discovery:Crawling recursively for packages in '/home/seohyeongmi/ros2_ws/src/ros2_term_project'
[0.463s] Level 1:colcon.colcon_core.package_identification:_identify(.) by extensions ['ignore', 'ignore_ament_install']
[0.463s] Level 1:colcon.colcon_core.package_identification:_identify(.) by extension 'ignore'
[0.464s] Level 1:colcon.colcon_core.package_identification:_identify(.) by extension 'ignore_ament_install'
[0.464s] Level 1:colcon.colcon_core.package_identification:_identify(.) by extensions ['colcon_pkg']
[0.464s] Level 1:colcon.colcon_core.package_identification:_identify(.) by extension 'colcon_pkg'
[0.464s] Level 1:colcon.colcon_core.package_identification:_identify(.) by extensions ['colcon_meta']
[0.464s] Level 1:colcon.colcon_core.package_identification:_identify(.) by extension 'colcon_meta'
[0.464s] Level 1:colcon.colcon_core.package_identification:_identify(.) by extensions ['ros']
[0.464s] Level 1:colcon.colcon_core.package_identification:_identify(.) by extension 'ros'
[0.484s] DEBUG:colcon.colcon_core.package_identification:Package '.' with type 'ros.ament_cmake' and name 'ros2_term_project'
[0.484s] Level 1:colcon.colcon_core.package_discovery:discover_packages(recursive) using defaults
[0.484s] Level 1:colcon.colcon_core.package_discovery:discover_packages(ignore) discover
[0.484s] Level 1:colcon.colcon_core.package_discovery:discover_packages(ignore) using defaults
[0.484s] Level 1:colcon.colcon_core.package_discovery:discover_packages(path) discover
[0.484s] Level 1:colcon.colcon_core.package_discovery:discover_packages(path) using defaults
[0.531s] Level 1:colcon.colcon_core.package_discovery:discover_packages(prefix_path) check parameters
[0.531s] Level 1:colcon.colcon_core.package_discovery:discover_packages(prefix_path) discover
[0.534s] DEBUG:colcon.colcon_installed_package_information.package_discovery:Found 5 installed packages in /home/seohyeongmi/ros2_ws/install
[0.536s] DEBUG:colcon.colcon_installed_package_information.package_discovery:Found 335 installed packages in /opt/ros/humble
[0.540s] Level 1:colcon.colcon_core.package_discovery:discover_packages(prefix_path) using defaults
[0.599s] Level 5:colcon.colcon_core.verb:set package 'ros2_term_project' build argument 'cmake_args' from command line to 'None'
[0.599s] Level 5:colcon.colcon_core.verb:set package 'ros2_term_project' build argument 'cmake_target' from command line to 'None'
[0.599s] Level 5:colcon.colcon_core.verb:set package 'ros2_term_project' build argument 'cmake_target_skip_unavailable' from command line to 'False'
[0.599s] Level 5:colcon.colcon_core.verb:set package 'ros2_term_project' build argument 'cmake_clean_cache' from command line to 'False'
[0.599s] Level 5:colcon.colcon_core.verb:set package 'ros2_term_project' build argument 'cmake_clean_first' from command line to 'False'
[0.599s] Level 5:colcon.colcon_core.verb:set package 'ros2_term_project' build argument 'cmake_force_configure' from command line to 'False'
[0.599s] Level 5:colcon.colcon_core.verb:set package 'ros2_term_project' build argument 'ament_cmake_args' from command line to 'None'
[0.599s] Level 5:colcon.colcon_core.verb:set package 'ros2_term_project' build argument 'catkin_cmake_args' from command line to 'None'
[0.599s] Level 5:colcon.colcon_core.verb:set package 'ros2_term_project' build argument 'catkin_skip_building_tests' from command line to 'False'
[0.599s] DEBUG:colcon.colcon_core.verb:Building package 'ros2_term_project' with the following arguments: {'ament_cmake_args': None, 'build_base': '/home/seohyeongmi/ros2_ws/src/ros2_term_project/build/ros2_term_project', 'catkin_cmake_args': None, 'catkin_skip_building_tests': False, 'cmake_args': None, 'cmake_clean_cache': False, 'cmake_clean_first': False, 'cmake_force_configure': False, 'cmake_target': None, 'cmake_target_skip_unavailable': False, 'install_base': '/home/seohyeongmi/ros2_ws/src/ros2_term_project/install/ros2_term_project', 'merge_install': False, 'path': '/home/seohyeongmi/ros2_ws/src/ros2_term_project', 'symlink_install': True, 'test_result_base': None}
[0.600s] INFO:colcon.colcon_core.executor:Executing jobs using 'parallel' executor
[0.601s] DEBUG:colcon.colcon_parallel_executor.executor.parallel:run_until_complete
[0.602s] INFO:colcon.colcon_ros.task.ament_cmake.build:Building ROS package in '/home/seohyeongmi/ros2_ws/src/ros2_term_project' with build type 'ament_cmake'
[0.602s] INFO:colcon.colcon_cmake.task.cmake.build:Building CMake package in '/home/seohyeongmi/ros2_ws/src/ros2_term_project'
[0.608s] INFO:colcon.colcon_core.plugin_system:Skipping extension 'colcon_core.shell.bat': Not used on non-Windows systems
[0.608s] INFO:colcon.colcon_core.shell:Skip shell extension 'powershell' for command environment: Not usable outside of PowerShell
[0.608s] DEBUG:colcon.colcon_core.shell:Skip shell extension 'dsv' for command environment
[0.624s] DEBUG:colcon.colcon_core.event_handler.log_command:Invoking command in '/home/seohyeongmi/ros2_ws/src/ros2_term_project/build/ros2_term_project': CMAKE_PREFIX_PATH=${CMAKE_PREFIX_PATH}:/opt/ros/humble /usr/bin/cmake --build /home/seohyeongmi/ros2_ws/src/ros2_term_project/build/ros2_term_project -- -j8 -l8
[18.820s] DEBUG:colcon.colcon_core.event_handler.log_command:Invoked command in '/home/seohyeongmi/ros2_ws/src/ros2_term_project/build/ros2_term_project' returned '0': CMAKE_PREFIX_PATH=${CMAKE_PREFIX_PATH}:/opt/ros/humble /usr/bin/cmake --build /home/seohyeongmi/ros2_ws/src/ros2_term_project/build/ros2_term_project -- -j8 -l8
[18.832s] DEBUG:colcon.colcon_core.event_handler.log_command:Invoking command in '/home/seohyeongmi/ros2_ws/src/ros2_term_project/build/ros2_term_project': CMAKE_PREFIX_PATH=${CMAKE_PREFIX_PATH}:/opt/ros/humble /usr/bin/cmake --install /home/seohyeongmi/ros2_ws/src/ros2_term_project/build/ros2_term_project
[19.022s] Level 1:colcon.colcon_core.environment:create_environment_scripts_only(ros2_term_project)
[19.023s] DEBUG:colcon.colcon_core.event_handler.log_command:Invoked command in '/home/seohyeongmi/ros2_ws/src/ros2_term_project/build/ros2_term_project' returned '0': CMAKE_PREFIX_PATH=${CMAKE_PREFIX_PATH}:/opt/ros/humble /usr/bin/cmake --install /home/seohyeongmi/ros2_ws/src/ros2_term_project/build/ros2_term_project
[19.025s] Level 1:colcon.colcon_core.environment:checking '/home/seohyeongmi/ros2_ws/src/ros2_term_project/install/ros2_term_project' for CMake module files
[19.026s] Level 1:colcon.colcon_core.environment:checking '/home/seohyeongmi/ros2_ws/src/ros2_term_project/install/ros2_term_project' for CMake config files
[19.026s] Level 1:colcon.colcon_core.shell:create_environment_hook('ros2_term_project', 'cmake_prefix_path')
[19.026s] INFO:colcon.colcon_core.shell:Creating environment hook '/home/seohyeongmi/ros2_ws/src/ros2_term_project/install/ros2_term_project/share/ros2_term_project/hook/cmake_prefix_path.ps1'
[19.027s] INFO:colcon.colcon_core.shell:Creating environment descriptor '/home/seohyeongmi/ros2_ws/src/ros2_term_project/install/ros2_term_project/share/ros2_term_project/hook/cmake_prefix_path.dsv'
[19.028s] INFO:colcon.colcon_core.shell:Creating environment hook '/home/seohyeongmi/ros2_ws/src/ros2_term_project/install/ros2_term_project/share/ros2_term_project/hook/cmake_prefix_path.sh'
[19.029s] Level 1:colcon.colcon_core.environment:checking '/home/seohyeongmi/ros2_ws/src/ros2_term_project/install/ros2_term_project/lib'
[19.029s] Level 1:colcon.colcon_core.environment:checking '/home/seohyeongmi/ros2_ws/src/ros2_term_project/install/ros2_term_project/bin'
[19.029s] Level 1:colcon.colcon_core.environment:checking '/home/seohyeongmi/ros2_ws/src/ros2_term_project/install/ros2_term_project/lib/pkgconfig/ros2_term_project.pc'
[19.029s] Level 1:colcon.colcon_core.environment:checking '/home/seohyeongmi/ros2_ws/src/ros2_term_project/install/ros2_term_project/lib/python3.10/site-packages'
[19.030s] Level 1:colcon.colcon_core.environment:checking '/home/seohyeongmi/ros2_ws/src/ros2_term_project/install/ros2_term_project/bin'
[19.030s] INFO:colcon.colcon_core.shell:Creating package script '/home/seohyeongmi/ros2_ws/src/ros2_term_project/install/ros2_term_project/share/ros2_term_project/package.ps1'
[19.031s] INFO:colcon.colcon_core.shell:Creating package descriptor '/home/seohyeongmi/ros2_ws/src/ros2_term_project/install/ros2_term_project/share/ros2_term_project/package.dsv'
[19.033s] INFO:colcon.colcon_core.shell:Creating package script '/home/seohyeongmi/ros2_ws/src/ros2_term_project/install/ros2_term_project/share/ros2_term_project/package.sh'
[19.034s] INFO:colcon.colcon_core.shell:Creating package script '/home/seohyeongmi/ros2_ws/src/ros2_term_project/install/ros2_term_project/share/ros2_term_project/package.bash'
[19.035s] INFO:colcon.colcon_core.shell:Creating package script '/home/seohyeongmi/ros2_ws/src/ros2_term_project/install/ros2_term_project/share/ros2_term_project/package.zsh'
[19.035s] Level 1:colcon.colcon_core.environment:create_file_with_runtime_dependencies(/home/seohyeongmi/ros2_ws/src/ros2_term_project/install/ros2_term_project/share/colcon-core/packages/ros2_term_project)
[19.036s] Level 1:colcon.colcon_core.environment:create_environment_scripts_only(ros2_term_project)
[19.036s] Level 1:colcon.colcon_core.environment:checking '/home/seohyeongmi/ros2_ws/src/ros2_term_project/install/ros2_term_project' for CMake module files
[19.037s] Level 1:colcon.colcon_core.environment:checking '/home/seohyeongmi/ros2_ws/src/ros2_term_project/install/ros2_term_project' for CMake config files
[19.037s] Level 1:colcon.colcon_core.shell:create_environment_hook('ros2_term_project', 'cmake_prefix_path')
[19.037s] INFO:colcon.colcon_core.shell:Creating environment hook '/home/seohyeongmi/ros2_ws/src/ros2_term_project/install/ros2_term_project/share/ros2_term_project/hook/cmake_prefix_path.ps1'
[19.038s] INFO:colcon.colcon_core.shell:Creating environment descriptor '/home/seohyeongmi/ros2_ws/src/ros2_term_project/install/ros2_term_project/share/ros2_term_project/hook/cmake_prefix_path.dsv'
[19.038s] INFO:colcon.colcon_core.shell:Creating environment hook '/home/seohyeongmi/ros2_ws/src/ros2_term_project/install/ros2_term_project/share/ros2_term_project/hook/cmake_prefix_path.sh'
[19.039s] Level 1:colcon.colcon_core.environment:checking '/home/seohyeongmi/ros2_ws/src/ros2_term_project/install/ros2_term_project/lib'
[19.039s] Level 1:colcon.colcon_core.environment:checking '/home/seohyeongmi/ros2_ws/src/ros2_term_project/install/ros2_term_project/bin'
[19.039s] Level 1:colcon.colcon_core.environment:checking '/home/seohyeongmi/ros2_ws/src/ros2_term_project/install/ros2_term_project/lib/pkgconfig/ros2_term_project.pc'
[19.039s] Level 1:colcon.colcon_core.environment:checking '/home/seohyeongmi/ros2_ws/src/ros2_term_project/install/ros2_term_project/lib/python3.10/site-packages'
[19.040s] Level 1:colcon.colcon_core.environment:checking '/home/seohyeongmi/ros2_ws/src/ros2_term_project/install/ros2_term_project/bin'
[19.040s] INFO:colcon.colcon_core.shell:Creating package script '/home/seohyeongmi/ros2_ws/src/ros2_term_project/install/ros2_term_project/share/ros2_term_project/package.ps1'
[19.040s] INFO:colcon.colcon_core.shell:Creating package descriptor '/home/seohyeongmi/ros2_ws/src/ros2_term_project/install/ros2_term_project/share/ros2_term_project/package.dsv'
[19.041s] INFO:colcon.colcon_core.shell:Creating package script '/home/seohyeongmi/ros2_ws/src/ros2_term_project/install/ros2_term_project/share/ros2_term_project/package.sh'
[19.041s] INFO:colcon.colcon_core.shell:Creating package script '/home/seohyeongmi/ros2_ws/src/ros2_term_project/install/ros2_term_project/share/ros2_term_project/package.bash'
[19.042s] INFO:colcon.colcon_core.shell:Creating package script '/home/seohyeongmi/ros2_ws/src/ros2_term_project/install/ros2_term_project/share/ros2_term_project/package.zsh'
[19.042s] Level 1:colcon.colcon_core.environment:create_file_with_runtime_dependencies(/home/seohyeongmi/ros2_ws/src/ros2_term_project/install/ros2_term_project/share/colcon-core/packages/ros2_term_project)
[19.043s] DEBUG:colcon.colcon_parallel_executor.executor.parallel:closing loop
[19.043s] DEBUG:colcon.colcon_parallel_executor.executor.parallel:loop closed
[19.043s] DEBUG:colcon.colcon_parallel_executor.executor.parallel:run_until_complete finished with '0'
[19.043s] DEBUG:colcon.colcon_core.event_reactor:joining thread
[19.049s] INFO:colcon.colcon_core.plugin_system:Skipping extension 'colcon_notification.desktop_notification.terminal_notifier': Not used on non-Darwin systems
[19.049s] INFO:colcon.colcon_core.plugin_system:Skipping extension 'colcon_notification.desktop_notification.win32': Not used on non-Windows systems
[19.049s] INFO:colcon.colcon_notification.desktop_notification:Sending desktop notification using 'notify2'
[19.062s] DEBUG:colcon.colcon_core.event_reactor:joined thread
[19.062s] INFO:colcon.colcon_core.shell:Creating prefix script '/home/seohyeongmi/ros2_ws/src/ros2_term_project/install/local_setup.ps1'
[19.064s] INFO:colcon.colcon_core.shell:Creating prefix util module '/home/seohyeongmi/ros2_ws/src/ros2_term_project/install/_local_setup_util_ps1.py'
[19.066s] INFO:colcon.colcon_core.shell:Creating prefix chain script '/home/seohyeongmi/ros2_ws/src/ros2_term_project/install/setup.ps1'
[19.068s] INFO:colcon.colcon_core.shell:Creating prefix script '/home/seohyeongmi/ros2_ws/src/ros2_term_project/install/local_setup.sh'
[19.069s] INFO:colcon.colcon_core.shell:Creating prefix util module '/home/seohyeongmi/ros2_ws/src/ros2_term_project/install/_local_setup_util_sh.py'
[19.070s] INFO:colcon.colcon_core.shell:Creating prefix chain script '/home/seohyeongmi/ros2_ws/src/ros2_term_project/install/setup.sh'
[19.072s] INFO:colcon.colcon_core.shell:Creating prefix script '/home/seohyeongmi/ros2_ws/src/ros2_term_project/install/local_setup.bash'
[19.072s] INFO:colcon.colcon_core.shell:Creating prefix chain script '/home/seohyeongmi/ros2_ws/src/ros2_term_project/install/setup.bash'
[19.074s] INFO:colcon.colcon_core.shell:Creating prefix script '/home/seohyeongmi/ros2_ws/src/ros2_term_project/install/local_setup.zsh'
[19.074s] INFO:colcon.colcon_core.shell:Creating prefix chain script '/home/seohyeongmi/ros2_ws/src/ros2_term_project/install/setup.zsh'
