[0.113s] DEBUG:colcon:Command line arguments: ['/usr/bin/colcon', 'build', '--symlink-install']
[0.113s] DEBUG:colcon:Parsed command line arguments: Namespace(log_base=None, log_level=None, verb_name='build', build_base='build', install_base='install', merge_install=False, symlink_install=True, test_result_base=None, continue_on_error=False, executor='parallel', parallel_workers=8, event_handlers=None, ignore_user_meta=False, metas=['./colcon.meta'], base_paths=['.'], packages_ignore=None, packages_ignore_regex=None, paths=None, packages_up_to=None, packages_up_to_regex=None, packages_above=None, packages_above_and_dependencies=None, packages_above_depth=None, packages_select_by_dep=None, packages_skip_by_dep=None, packages_skip_up_to=None, packages_select_build_failed=False, packages_skip_build_finished=False, packages_select_test_failures=False, packages_skip_test_passed=False, packages_select=None, packages_skip=None, packages_select_regex=None, packages_skip_regex=None, packages_start=None, packages_end=None, allow_overriding=[], cmake_args=None, cmake_target=None, cmake_target_skip_unavailable=False, cmake_clean_cache=False, cmake_clean_first=False, cmake_force_configure=False, ament_cmake_args=None, catkin_cmake_args=None, catkin_skip_building_tests=False, mixin_files=None, mixin=None, verb_parser=<colcon_mixin.mixin.mixin_argument.MixinArgumentDecorator object at 0x784ded44ce20>, verb_extension=<colcon_core.verb.build.BuildVerb object at 0x784ded55dbd0>, main=<bound method BuildVerb.main of <colcon_core.verb.build.BuildVerb object at 0x784ded55dbd0>>, mixin_verb=('build',))
[0.298s] Level 1:colcon.colcon_core.package_discovery:discover_packages(colcon_meta) check parameters
[0.298s] Level 1:colcon.colcon_core.package_discovery:discover_packages(recursive) check parameters
[0.298s] Level 1:colcon.colcon_core.package_discovery:discover_packages(ignore) check parameters
[0.298s] Level 1:colcon.colcon_core.package_discovery:discover_packages(path) check parameters
[0.298s] Level 1:colcon.colcon_core.package_discovery:discover_packages(colcon_meta) discover
[0.299s] Level 1:colcon.colcon_core.package_discovery:discover_packages(recursive) discover
[0.299s] INFO:colcon.colcon_core.package_discovery:Crawling recursively for packages in '/home/seohyeongmi/ros2_ws/src/ros2_term_project'
[0.299s] Level 1:colcon.colcon_core.package_identification:_identify(.) by extensions ['ignore', 'ignore_ament_install']
[0.299s] Level 1:colcon.colcon_core.package_identification:_identify(.) by extension 'ignore'
[0.299s] Level 1:colcon.colcon_core.package_identification:_identify(.) by extension 'ignore_ament_install'
[0.299s] Level 1:colcon.colcon_core.package_identification:_identify(.) by extensions ['colcon_pkg']
[0.299s] Level 1:colcon.colcon_core.package_identification:_identify(.) by extension 'colcon_pkg'
[0.299s] Level 1:colcon.colcon_core.package_identification:_identify(.) by extensions ['colcon_meta']
[0.299s] Level 1:colcon.colcon_core.package_identification:_identify(.) by extension 'colcon_meta'
[0.299s] Level 1:colcon.colcon_core.package_identification:_identify(.) by extensions ['ros']
[0.299s] Level 1:colcon.colcon_core.package_identification:_identify(.) by extension 'ros'
[0.313s] DEBUG:colcon.colcon_core.package_identification:Package '.' with type 'ros.ament_cmake' and name 'ros2_term_project'
[0.313s] Level 1:colcon.colcon_core.package_discovery:discover_packages(recursive) using defaults
[0.313s] Level 1:colcon.colcon_core.package_discovery:discover_packages(ignore) discover
[0.313s] Level 1:colcon.colcon_core.package_discovery:discover_packages(ignore) using defaults
[0.314s] Level 1:colcon.colcon_core.package_discovery:discover_packages(path) discover
[0.314s] Level 1:colcon.colcon_core.package_discovery:discover_packages(path) using defaults
[0.345s] Level 1:colcon.colcon_core.package_discovery:discover_packages(prefix_path) check parameters
[0.345s] Level 1:colcon.colcon_core.package_discovery:discover_packages(prefix_path) discover
[0.347s] DEBUG:colcon.colcon_installed_package_information.package_discovery:Found 5 installed packages in /home/seohyeongmi/ros2_ws/install
[0.349s] DEBUG:colcon.colcon_installed_package_information.package_discovery:Found 335 installed packages in /opt/ros/humble
[0.351s] Level 1:colcon.colcon_core.package_discovery:discover_packages(prefix_path) using defaults
[0.397s] Level 5:colcon.colcon_core.verb:set package 'ros2_term_project' build argument 'cmake_args' from command line to 'None'
[0.397s] Level 5:colcon.colcon_core.verb:set package 'ros2_term_project' build argument 'cmake_target' from command line to 'None'
[0.397s] Level 5:colcon.colcon_core.verb:set package 'ros2_term_project' build argument 'cmake_target_skip_unavailable' from command line to 'False'
[0.397s] Level 5:colcon.colcon_core.verb:set package 'ros2_term_project' build argument 'cmake_clean_cache' from command line to 'False'
[0.397s] Level 5:colcon.colcon_core.verb:set package 'ros2_term_project' build argument 'cmake_clean_first' from command line to 'False'
[0.397s] Level 5:colcon.colcon_core.verb:set package 'ros2_term_project' build argument 'cmake_force_configure' from command line to 'False'
[0.397s] Level 5:colcon.colcon_core.verb:set package 'ros2_term_project' build argument 'ament_cmake_args' from command line to 'None'
[0.397s] Level 5:colcon.colcon_core.verb:set package 'ros2_term_project' build argument 'catkin_cmake_args' from command line to 'None'
[0.397s] Level 5:colcon.colcon_core.verb:set package 'ros2_term_project' build argument 'catkin_skip_building_tests' from command line to 'False'
[0.398s] DEBUG:colcon.colcon_core.verb:Building package 'ros2_term_project' with the following arguments: {'ament_cmake_args': None, 'build_base': '/home/seohyeongmi/ros2_ws/src/ros2_term_project/build/ros2_term_project', 'catkin_cmake_args': None, 'catkin_skip_building_tests': False, 'cmake_args': None, 'cmake_clean_cache': False, 'cmake_clean_first': False, 'cmake_force_configure': False, 'cmake_target': None, 'cmake_target_skip_unavailable': False, 'install_base': '/home/seohyeongmi/ros2_ws/src/ros2_term_project/install/ros2_term_project', 'merge_install': False, 'path': '/home/seohyeongmi/ros2_ws/src/ros2_term_project', 'symlink_install': True, 'test_result_base': None}
[0.398s] INFO:colcon.colcon_core.executor:Executing jobs using 'parallel' executor
[0.399s] DEBUG:colcon.colcon_parallel_executor.executor.parallel:run_until_complete
[0.399s] INFO:colcon.colcon_ros.task.ament_cmake.build:Building ROS package in '/home/seohyeongmi/ros2_ws/src/ros2_term_project' with build type 'ament_cmake'
[0.399s] INFO:colcon.colcon_cmake.task.cmake.build:Building CMake package in '/home/seohyeongmi/ros2_ws/src/ros2_term_project'
[0.402s] INFO:colcon.colcon_core.plugin_system:Skipping extension 'colcon_core.shell.bat': Not used on non-Windows systems
[0.402s] INFO:colcon.colcon_core.shell:Skip shell extension 'powershell' for command environment: Not usable outside of PowerShell
[0.402s] DEBUG:colcon.colcon_core.shell:Skip shell extension 'dsv' for command environment
[0.413s] DEBUG:colcon.colcon_core.event_handler.log_command:Invoking command in '/home/seohyeongmi/ros2_ws/src/ros2_term_project/build/ros2_term_project': CMAKE_PREFIX_PATH=${CMAKE_PREFIX_PATH}:/opt/ros/humble /usr/bin/cmake --build /home/seohyeongmi/ros2_ws/src/ros2_term_project/build/ros2_term_project -- -j8 -l8
[9.150s] DEBUG:colcon.colcon_core.event_handler.log_command:Invoked command in '/home/seohyeongmi/ros2_ws/src/ros2_term_project/build/ros2_term_project' returned '2': CMAKE_PREFIX_PATH=${CMAKE_PREFIX_PATH}:/opt/ros/humble /usr/bin/cmake --build /home/seohyeongmi/ros2_ws/src/ros2_term_project/build/ros2_term_project -- -j8 -l8
[9.150s] Level 1:colcon.colcon_core.environment:create_environment_scripts_only(ros2_term_project)
[9.155s] Level 1:colcon.colcon_core.environment:checking '/home/seohyeongmi/ros2_ws/src/ros2_term_project/install/ros2_term_project' for CMake module files
[9.157s] Level 1:colcon.colcon_core.environment:checking '/home/seohyeongmi/ros2_ws/src/ros2_term_project/install/ros2_term_project' for CMake config files
[9.157s] Level 1:colcon.colcon_core.shell:create_environment_hook('ros2_term_project', 'cmake_prefix_path')
[9.158s] INFO:colcon.colcon_core.shell:Creating environment hook '/home/seohyeongmi/ros2_ws/src/ros2_term_project/install/ros2_term_project/share/ros2_term_project/hook/cmake_prefix_path.ps1'
[9.158s] INFO:colcon.colcon_core.shell:Creating environment descriptor '/home/seohyeongmi/ros2_ws/src/ros2_term_project/install/ros2_term_project/share/ros2_term_project/hook/cmake_prefix_path.dsv'
[9.159s] INFO:colcon.colcon_core.shell:Creating environment hook '/home/seohyeongmi/ros2_ws/src/ros2_term_project/install/ros2_term_project/share/ros2_term_project/hook/cmake_prefix_path.sh'
[9.160s] Level 1:colcon.colcon_core.environment:checking '/home/seohyeongmi/ros2_ws/src/ros2_term_project/install/ros2_term_project/lib'
[9.160s] Level 1:colcon.colcon_core.environment:checking '/home/seohyeongmi/ros2_ws/src/ros2_term_project/install/ros2_term_project/bin'
[9.160s] Level 1:colcon.colcon_core.environment:checking '/home/seohyeongmi/ros2_ws/src/ros2_term_project/install/ros2_term_project/lib/pkgconfig/ros2_term_project.pc'
[9.161s] Level 1:colcon.colcon_core.environment:checking '/home/seohyeongmi/ros2_ws/src/ros2_term_project/install/ros2_term_project/lib/python3.10/site-packages'
[9.161s] Level 1:colcon.colcon_core.environment:checking '/home/seohyeongmi/ros2_ws/src/ros2_term_project/install/ros2_term_project/bin'
[9.161s] INFO:colcon.colcon_core.shell:Creating package script '/home/seohyeongmi/ros2_ws/src/ros2_term_project/install/ros2_term_project/share/ros2_term_project/package.ps1'
[9.162s] INFO:colcon.colcon_core.shell:Creating package descriptor '/home/seohyeongmi/ros2_ws/src/ros2_term_project/install/ros2_term_project/share/ros2_term_project/package.dsv'
[9.164s] INFO:colcon.colcon_core.shell:Creating package script '/home/seohyeongmi/ros2_ws/src/ros2_term_project/install/ros2_term_project/share/ros2_term_project/package.sh'
[9.165s] INFO:colcon.colcon_core.shell:Creating package script '/home/seohyeongmi/ros2_ws/src/ros2_term_project/install/ros2_term_project/share/ros2_term_project/package.bash'
[9.166s] INFO:colcon.colcon_core.shell:Creating package script '/home/seohyeongmi/ros2_ws/src/ros2_term_project/install/ros2_term_project/share/ros2_term_project/package.zsh'
[9.167s] Level 1:colcon.colcon_core.environment:create_file_with_runtime_dependencies(/home/seohyeongmi/ros2_ws/src/ros2_term_project/install/ros2_term_project/share/colcon-core/packages/ros2_term_project)
[9.177s] DEBUG:colcon.colcon_parallel_executor.executor.parallel:closing loop
[9.178s] DEBUG:colcon.colcon_parallel_executor.executor.parallel:loop closed
[9.178s] DEBUG:colcon.colcon_parallel_executor.executor.parallel:run_until_complete finished with '2'
[9.178s] DEBUG:colcon.colcon_core.event_reactor:joining thread
[9.185s] INFO:colcon.colcon_core.plugin_system:Skipping extension 'colcon_notification.desktop_notification.terminal_notifier': Not used on non-Darwin systems
[9.185s] INFO:colcon.colcon_core.plugin_system:Skipping extension 'colcon_notification.desktop_notification.win32': Not used on non-Windows systems
[9.185s] INFO:colcon.colcon_notification.desktop_notification:Sending desktop notification using 'notify2'
[9.199s] DEBUG:colcon.colcon_core.event_reactor:joined thread
[9.200s] INFO:colcon.colcon_core.shell:Creating prefix script '/home/seohyeongmi/ros2_ws/src/ros2_term_project/install/local_setup.ps1'
[9.201s] INFO:colcon.colcon_core.shell:Creating prefix util module '/home/seohyeongmi/ros2_ws/src/ros2_term_project/install/_local_setup_util_ps1.py'
[9.204s] INFO:colcon.colcon_core.shell:Creating prefix chain script '/home/seohyeongmi/ros2_ws/src/ros2_term_project/install/setup.ps1'
[9.206s] INFO:colcon.colcon_core.shell:Creating prefix script '/home/seohyeongmi/ros2_ws/src/ros2_term_project/install/local_setup.sh'
[9.207s] INFO:colcon.colcon_core.shell:Creating prefix util module '/home/seohyeongmi/ros2_ws/src/ros2_term_project/install/_local_setup_util_sh.py'
[9.208s] INFO:colcon.colcon_core.shell:Creating prefix chain script '/home/seohyeongmi/ros2_ws/src/ros2_term_project/install/setup.sh'
[9.210s] INFO:colcon.colcon_core.shell:Creating prefix script '/home/seohyeongmi/ros2_ws/src/ros2_term_project/install/local_setup.bash'
[9.210s] INFO:colcon.colcon_core.shell:Creating prefix chain script '/home/seohyeongmi/ros2_ws/src/ros2_term_project/install/setup.bash'
[9.212s] INFO:colcon.colcon_core.shell:Creating prefix script '/home/seohyeongmi/ros2_ws/src/ros2_term_project/install/local_setup.zsh'
[9.213s] INFO:colcon.colcon_core.shell:Creating prefix chain script '/home/seohyeongmi/ros2_ws/src/ros2_term_project/install/setup.zsh'
